********************************************************************************
DUPLICATOR-LITE PACKAGE-LOG: 13 May 2020 10 h 25 min
NOTICE: Do NOT post to public sites or forums 
********************************************************************************
VERSION:	1.3.32
WORDPRESS:	5.4.1
PHP INFO:	7.4.2 | SAPI: apache2handler
SERVER:		Apache/2.2.34 (Unix) mod_wsgi/3.5 Python/2.7.13 PHP/7.4.2 mod_ssl/2.2.34 OpenSSL/1.0.2o DAV/2 mod_fastcgi/mod_fastcgi-SNAP-0910052141 mod_perl/2.0.11 Perl/v5.24.0 
PHP TIME LIMIT: (0) no time limit imposed 
PHP MAX MEMORY: 4294967296 (256M default) 
MEMORY STACK: 12.5MB

********************************************************************************
DATABASE:
********************************************************************************
BUILD MODE:   PHP(query limit - 100)
MYSQLTIMEOUT: 5000
MYSQLDUMP:    Not Supported
TABLES: total:33 | filtered:0 | create:33
FILTERED: []
SQL CREATED: 20200506_websitephotography_f83335bdf3be5b0d8243_20200513102446_database.sql
SQL FILE SIZE: 725.94KB (743359)
SQL FILE TIME: 2020-05-13 10:25:00
SQL RUNTIME: 0.42 sec.

********************************************************************************
ARCHIVE (ZIP):
********************************************************************************
ARCHIVE DIR:  /Applications/MAMP/htdocs/DWWM_JASON/WORDPRESS/wordpress 2
ARCHIVE FILE: 20200506_websitephotography_f83335bdf3be5b0d8243_20200513102446_archive.zip
FILTERS: *OFF*
DIRS:
	not set
FILES:
	not set
EXTS:  not set
----------------------------------------
COMPRESSING
SIZE:	179.7MB
STATS:	Dirs 1,522 | Files 9,263
SQL ADDED: 20200506_websitephotography_f83335bdf3be5b0d8243_20200513102446_database.sql
ZipArchive Object
(
    [status] => 0
    [statusSys] => 0
    [numFiles] => 10785
    [filename] => /Applications/MAMP/htdocs/DWWM_JASON/WORDPRESS/wordpress 2/wp-snapshots/tmp/20200506_websitephotography_f83335bdf3be5b0d8243_20200513102446_archive.zip
    [comment] => 
)

FILE ADDED TO ZIP: 10784
COMPRESSION RESULT: '1'
COMPRESSED SIZE: 63.35MB
ARCHIVE RUNTIME: 43.56 sec.
MEMORY STACK: 16.5MB
building installer
add_extra_files1
add_extra_files2
add_extra_files3
add_extra_files4
Doing archive file check
add_extra_files5
add_extra_files6
add_extra_files8
Successfully opened zip /Applications/MAMP/htdocs/DWWM_JASON/WORDPRESS/wordpress 2/wp-snapshots/tmp/20200506_websitephotography_f83335bdf3be5b0d8243_20200513102446_archive.zip
Adding enhanced installer files to archive using ZipArchive
Installer files added to archive
Added to archive
After ziparchive close when adding installer

********************************************************************************
INTEGRITY CHECKS:
********************************************************************************
SQL FILE: 725.94KB
INSTALLER FILE: 61.32KB
ARCHIVE FILE: 64.88MB 
EXPECTED FILE/DIRECTORY COUNT: 10,785
ACTUAL FILE/DIRECTORY COUNT: 10,784
ARCHIVE CONSISTENCY TEST: Pass

********************************************************************************
RECORD ID:[2]
TOTAL PROCESS RUNTIME: 57.71 sec.
PEAK PHP MEMORY USED: 18.5MB
DONE PROCESSING => 20200506_websitephotography 13 May 2020 10 h 25 min

