********************************************************************************
DUPLICATOR-LITE PACKAGE-LOG: 6 May 2020 6 h 55 min
NOTICE: Do NOT post to public sites or forums 
********************************************************************************
VERSION:	1.3.32
WORDPRESS:	5.4.1
PHP INFO:	7.4.2 | SAPI: apache2handler
SERVER:		Apache/2.2.34 (Unix) mod_wsgi/3.5 Python/2.7.13 PHP/7.4.2 mod_ssl/2.2.34 OpenSSL/1.0.2o DAV/2 mod_fastcgi/mod_fastcgi-SNAP-0910052141 mod_perl/2.0.11 Perl/v5.24.0 
PHP TIME LIMIT: (0) no time limit imposed 
PHP MAX MEMORY: 4294967296 (256M default) 
MEMORY STACK: 12.5MB

********************************************************************************
DATABASE:
********************************************************************************
BUILD MODE:   PHP(query limit - 100)
MYSQLTIMEOUT: 5000
MYSQLDUMP:    Not Supported
TABLES: total:31 | filtered:0 | create:31
FILTERED: []
SQL CREATED: 20200506_websitephotography_320341d219cf5b1a8127_20200506065538_database.sql
SQL FILE SIZE: 1.14MB (1199909)
SQL FILE TIME: 2020-05-06 06:55:58
SQL RUNTIME: 0.40 sec.

********************************************************************************
ARCHIVE (ZIP):
********************************************************************************
ARCHIVE DIR:  /Applications/MAMP/htdocs/DWWM_JASON/WORDPRESS/wordpress 2
ARCHIVE FILE: 20200506_websitephotography_320341d219cf5b1a8127_20200506065538_archive.zip
FILTERS: *OFF*
DIRS:
	not set
FILES:
	not set
EXTS:  not set
----------------------------------------
COMPRESSING
SIZE:	179.68MB
STATS:	Dirs 1,521 | Files 9,259
SQL ADDED: 20200506_websitephotography_320341d219cf5b1a8127_20200506065538_database.sql
ZipArchive Object
(
    [status] => 0
    [statusSys] => 0
    [numFiles] => 10780
    [filename] => /Applications/MAMP/htdocs/DWWM_JASON/WORDPRESS/wordpress 2/wp-snapshots/tmp/20200506_websitephotography_320341d219cf5b1a8127_20200506065538_archive.zip
    [comment] => 
)

FILE ADDED TO ZIP: 10779
COMPRESSION RESULT: '1'
COMPRESSED SIZE: 63.43MB
ARCHIVE RUNTIME: 37.99 sec.
MEMORY STACK: 18.5MB
building installer
add_extra_files1
add_extra_files2
add_extra_files3
add_extra_files4
Doing archive file check
add_extra_files5
add_extra_files6
add_extra_files8
Successfully opened zip /Applications/MAMP/htdocs/DWWM_JASON/WORDPRESS/wordpress 2/wp-snapshots/tmp/20200506_websitephotography_320341d219cf5b1a8127_20200506065538_archive.zip
Adding enhanced installer files to archive using ZipArchive
Installer files added to archive
Added to archive
After ziparchive close when adding installer

********************************************************************************
INTEGRITY CHECKS:
********************************************************************************
SQL FILE: 1.14MB
INSTALLER FILE: 61.32KB
ARCHIVE FILE: 64.96MB 
EXPECTED FILE/DIRECTORY COUNT: 10,780
ACTUAL FILE/DIRECTORY COUNT: 10,779
ARCHIVE CONSISTENCY TEST: Pass

********************************************************************************
RECORD ID:[1]
TOTAL PROCESS RUNTIME: 61.42 sec.
PEAK PHP MEMORY USED: 20.5MB
DONE PROCESSING => 20200506_websitephotography 6 May 2020 6 h 56 min

